<?xml version="1.0" encoding="UTF-8"?>
<testsuite name="ProductPageTest" tests="1" skipped="0" failures="0" errors="0" timestamp="2020-10-28T00:08:06" hostname="LAPTOP-C9MSPJV0" time="0.362">
  <properties/>
  <testcase name="randomProductsValidation" classname="ProductPageTest" time="0.362"/>
  <system-out><![CDATA[bonus validation: Select a Product random
]]></system-out>
  <system-err><![CDATA[Starting ChromeDriver 85.0.4183.87 (cd6713ebf92fa1cacc0f1a598df280093af0c5d7-refs/branch-heads/4183@{#1689}) on port 9917
Only local connections are allowed.
Please see https://chromedriver.chromium.org/security-considerations for suggestions on keeping ChromeDriver safe.
ChromeDriver was started successfully.
[1603843672.950][WARNING]: This version of ChromeDriver has not been tested with Chrome version 86.
oct 27, 2020 6:07:55 PM org.openqa.selenium.remote.ProtocolHandshake createSession
INFORMACIÓN: Detected dialect: W3C
]]></system-err>
</testsuite>
