<?xml version="1.0" encoding="UTF-8"?>
<testsuite name="CheckOutPageTest" tests="1" skipped="0" failures="0" errors="0" timestamp="2020-10-26T22:06:29" hostname="LAPTOP-C9MSPJV0" time="0.161">
  <properties/>
  <testcase name="errorMessageValidation" classname="CheckOutPageTest" time="0.161"/>
  <system-out><![CDATA[
]]></system-out>
  <system-err><![CDATA[Starting ChromeDriver 85.0.4183.87 (cd6713ebf92fa1cacc0f1a598df280093af0c5d7-refs/branch-heads/4183@{#1689}) on port 42833
Only local connections are allowed.
Please see https://chromedriver.chromium.org/security-considerations for suggestions on keeping ChromeDriver safe.
ChromeDriver was started successfully.
[1603749981.547][WARNING]: This version of ChromeDriver has not been tested with Chrome version 86.
oct 26, 2020 4:06:23 PM org.openqa.selenium.remote.ProtocolHandshake createSession
INFORMACIÓN: Detected dialect: W3C
]]></system-err>
</testsuite>
